<?xml version="1.0" encoding="UTF-8"?>
<testsuite name="AuthorTest" tests="3" skipped="0" failures="0" errors="0" timestamp="2021-09-13T21:22:37" hostname="shengnandeMacBook-Air.local" time="0.074">
  <properties/>
  <testcase name="getAddress()" classname="AuthorTest" time="0.041"/>
  <testcase name="getName()" classname="AuthorTest" time="0.028"/>
  <testcase name="getEmail()" classname="AuthorTest" time="0.001"/>
  <system-out><![CDATA[]]></system-out>
  <system-err><![CDATA[]]></system-err>
</testsuite>
